INFO 2023-08-29 20:34:39,637 autoreload 18160 16272 Watching for file changes with StatReloader
INFO 2023-08-29 20:34:41,220 basehttp 18160 7516 "GET / HTTP/1.1" 200 208
INFO 2023-08-29 20:34:50,741 basehttp 18160 7516 "GET /about/ HTTP/1.1" 200 94
INFO 2023-08-29 20:36:17,769 autoreload 17584 19912 Watching for file changes with StatReloader
INFO 2023-08-29 20:36:19,199 basehttp 17584 20128 "GET / HTTP/1.1" 200 208
INFO 2023-08-29 20:36:22,701 basehttp 17584 20128 "GET /about/ HTTP/1.1" 200 94
INFO 2023-09-05 16:45:02,920 autoreload 3496 8884 Watching for file changes with StatReloader
INFO 2023-09-05 16:45:03,930 basehttp 3496 18700 "GET / HTTP/1.1" 200 208
WARNING 2023-09-05 16:45:07,467 log 3496 18700 Not Found: /g
WARNING 2023-09-05 16:45:07,467 basehttp 3496 18700 "GET /g HTTP/1.1" 404 2521
WARNING 2023-09-05 16:45:11,654 log 3496 18700 Not Found: /hw3/
WARNING 2023-09-05 16:45:11,655 basehttp 3496 18700 "GET /hw3/ HTTP/1.1" 404 2620
WARNING 2023-09-05 16:45:15,413 log 3496 18700 Not Found: /hw3/client
WARNING 2023-09-05 16:45:15,414 basehttp 3496 18700 "GET /hw3/client HTTP/1.1" 404 2638
ERROR 2023-09-05 16:45:18,991 log 3496 18700 Internal Server Error: /hw3/client/1
Traceback (most recent call last):
  File "C:\Users\gapli\Downloads\GB_Django\venv\Lib\site-packages\django\core\handlers\exception.py", line 55, in inner
    response = get_response(request)
               ^^^^^^^^^^^^^^^^^^^^^
  File "C:\Users\gapli\Downloads\GB_Django\venv\Lib\site-packages\django\core\handlers\base.py", line 220, in _get_response
    response = response.render()
               ^^^^^^^^^^^^^^^^^
  File "C:\Users\gapli\Downloads\GB_Django\venv\Lib\site-packages\django\template\response.py", line 114, in render
    self.content = self.rendered_content
                   ^^^^^^^^^^^^^^^^^^^^^
  File "C:\Users\gapli\Downloads\GB_Django\venv\Lib\site-packages\django\template\response.py", line 92, in rendered_content
    return template.render(context, self._request)
           ^^^^^^^^^^^^^^^^^^^^^^^^^^^^^^^^^^^^^^^
  File "C:\Users\gapli\Downloads\GB_Django\venv\Lib\site-packages\django\template\backends\django.py", line 61, in render
    return self.template.render(context)
           ^^^^^^^^^^^^^^^^^^^^^^^^^^^^^
  File "C:\Users\gapli\Downloads\GB_Django\venv\Lib\site-packages\django\template\base.py", line 175, in render
    return self._render(context)
           ^^^^^^^^^^^^^^^^^^^^^
  File "C:\Users\gapli\Downloads\GB_Django\venv\Lib\site-packages\django\template\base.py", line 167, in _render
    return self.nodelist.render(context)
           ^^^^^^^^^^^^^^^^^^^^^^^^^^^^^
  File "C:\Users\gapli\Downloads\GB_Django\venv\Lib\site-packages\django\template\base.py", line 1005, in render
    return SafeString("".join([node.render_annotated(context) for node in self]))
                              ^^^^^^^^^^^^^^^^^^^^^^^^^^^^^^^^^^^^^^^^^^^^^^^^^
  File "C:\Users\gapli\Downloads\GB_Django\venv\Lib\site-packages\django\template\base.py", line 1005, in <listcomp>
    return SafeString("".join([node.render_annotated(context) for node in self]))
                               ^^^^^^^^^^^^^^^^^^^^^^^^^^^^^^
  File "C:\Users\gapli\Downloads\GB_Django\venv\Lib\site-packages\django\template\base.py", line 966, in render_annotated
    return self.render(context)
           ^^^^^^^^^^^^^^^^^^^^
  File "C:\Users\gapli\Downloads\GB_Django\venv\Lib\site-packages\django\template\loader_tags.py", line 157, in render
    return compiled_parent._render(context)
           ^^^^^^^^^^^^^^^^^^^^^^^^^^^^^^^^
  File "C:\Users\gapli\Downloads\GB_Django\venv\Lib\site-packages\django\template\base.py", line 167, in _render
    return self.nodelist.render(context)
           ^^^^^^^^^^^^^^^^^^^^^^^^^^^^^
  File "C:\Users\gapli\Downloads\GB_Django\venv\Lib\site-packages\django\template\base.py", line 1005, in render
    return SafeString("".join([node.render_annotated(context) for node in self]))
                              ^^^^^^^^^^^^^^^^^^^^^^^^^^^^^^^^^^^^^^^^^^^^^^^^^
  File "C:\Users\gapli\Downloads\GB_Django\venv\Lib\site-packages\django\template\base.py", line 1005, in <listcomp>
    return SafeString("".join([node.render_annotated(context) for node in self]))
                               ^^^^^^^^^^^^^^^^^^^^^^^^^^^^^^
  File "C:\Users\gapli\Downloads\GB_Django\venv\Lib\site-packages\django\template\base.py", line 966, in render_annotated
    return self.render(context)
           ^^^^^^^^^^^^^^^^^^^^
  File "C:\Users\gapli\Downloads\GB_Django\venv\Lib\site-packages\django\template\loader_tags.py", line 63, in render
    result = block.nodelist.render(context)
             ^^^^^^^^^^^^^^^^^^^^^^^^^^^^^^
  File "C:\Users\gapli\Downloads\GB_Django\venv\Lib\site-packages\django\template\base.py", line 1005, in render
    return SafeString("".join([node.render_annotated(context) for node in self]))
                              ^^^^^^^^^^^^^^^^^^^^^^^^^^^^^^^^^^^^^^^^^^^^^^^^^
  File "C:\Users\gapli\Downloads\GB_Django\venv\Lib\site-packages\django\template\base.py", line 1005, in <listcomp>
    return SafeString("".join([node.render_annotated(context) for node in self]))
                               ^^^^^^^^^^^^^^^^^^^^^^^^^^^^^^
  File "C:\Users\gapli\Downloads\GB_Django\venv\Lib\site-packages\django\template\base.py", line 966, in render_annotated
    return self.render(context)
           ^^^^^^^^^^^^^^^^^^^^
  File "C:\Users\gapli\Downloads\GB_Django\venv\Lib\site-packages\django\template\defaulttags.py", line 238, in render
    nodelist.append(node.render_annotated(context))
                    ^^^^^^^^^^^^^^^^^^^^^^^^^^^^^^
  File "C:\Users\gapli\Downloads\GB_Django\venv\Lib\site-packages\django\template\base.py", line 966, in render_annotated
    return self.render(context)
           ^^^^^^^^^^^^^^^^^^^^
  File "C:\Users\gapli\Downloads\GB_Django\venv\Lib\site-packages\django\template\defaulttags.py", line 193, in render
    values = list(values)
             ^^^^^^^^^^^^
TypeError: 'ManyRelatedManager' object is not iterable
ERROR 2023-09-05 16:45:18,996 basehttp 3496 18700 "GET /hw3/client/1 HTTP/1.1" 500 156808
INFO 2023-09-05 16:45:55,400 autoreload 3496 8884 C:\Users\gapli\Downloads\GB_Django\Homeworks\homework_project\homework_3_app\views.py changed, reloading.
INFO 2023-09-05 16:45:55,969 autoreload 13948 22496 Watching for file changes with StatReloader
ERROR 2023-09-05 16:45:58,534 log 13948 14124 Internal Server Error: /hw3/client/1
Traceback (most recent call last):
  File "C:\Users\gapli\Downloads\GB_Django\venv\Lib\site-packages\django\core\handlers\exception.py", line 55, in inner
    response = get_response(request)
               ^^^^^^^^^^^^^^^^^^^^^
  File "C:\Users\gapli\Downloads\GB_Django\venv\Lib\site-packages\django\core\handlers\base.py", line 197, in _get_response
    response = wrapped_callback(request, *callback_args, **callback_kwargs)
               ^^^^^^^^^^^^^^^^^^^^^^^^^^^^^^^^^^^^^^^^^^^^^^^^^^^^^^^^^^^^
  File "C:\Users\gapli\Downloads\GB_Django\venv\Lib\site-packages\django\views\generic\base.py", line 104, in view
    return self.dispatch(request, *args, **kwargs)
           ^^^^^^^^^^^^^^^^^^^^^^^^^^^^^^^^^^^^^^^
  File "C:\Users\gapli\Downloads\GB_Django\venv\Lib\site-packages\django\views\generic\base.py", line 143, in dispatch
    return handler(request, *args, **kwargs)
           ^^^^^^^^^^^^^^^^^^^^^^^^^^^^^^^^^
  File "C:\Users\gapli\Downloads\GB_Django\venv\Lib\site-packages\django\views\generic\base.py", line 226, in get
    context = self.get_context_data(**kwargs)
              ^^^^^^^^^^^^^^^^^^^^^^^^^^^^^^^
  File "C:\Users\gapli\Downloads\GB_Django\Homeworks\homework_project\homework_3_app\views.py", line 14, in get_context_data
    print(orders.products)
          ^^^^^^^^^^^^^^^
AttributeError: 'QuerySet' object has no attribute 'products'
ERROR 2023-09-05 16:45:58,536 basehttp 13948 14124 "GET /hw3/client/1 HTTP/1.1" 500 80783
INFO 2023-09-05 16:46:17,816 autoreload 13948 22496 C:\Users\gapli\Downloads\GB_Django\Homeworks\homework_project\homework_3_app\views.py changed, reloading.
INFO 2023-09-05 16:46:18,284 autoreload 13508 11792 Watching for file changes with StatReloader
ERROR 2023-09-05 16:46:20,392 log 13508 2960 Internal Server Error: /hw3/client/1
Traceback (most recent call last):
  File "C:\Users\gapli\Downloads\GB_Django\venv\Lib\site-packages\django\core\handlers\exception.py", line 55, in inner
    response = get_response(request)
               ^^^^^^^^^^^^^^^^^^^^^
  File "C:\Users\gapli\Downloads\GB_Django\venv\Lib\site-packages\django\core\handlers\base.py", line 220, in _get_response
    response = response.render()
               ^^^^^^^^^^^^^^^^^
  File "C:\Users\gapli\Downloads\GB_Django\venv\Lib\site-packages\django\template\response.py", line 114, in render
    self.content = self.rendered_content
                   ^^^^^^^^^^^^^^^^^^^^^
  File "C:\Users\gapli\Downloads\GB_Django\venv\Lib\site-packages\django\template\response.py", line 92, in rendered_content
    return template.render(context, self._request)
           ^^^^^^^^^^^^^^^^^^^^^^^^^^^^^^^^^^^^^^^
  File "C:\Users\gapli\Downloads\GB_Django\venv\Lib\site-packages\django\template\backends\django.py", line 61, in render
    return self.template.render(context)
           ^^^^^^^^^^^^^^^^^^^^^^^^^^^^^
  File "C:\Users\gapli\Downloads\GB_Django\venv\Lib\site-packages\django\template\base.py", line 175, in render
    return self._render(context)
           ^^^^^^^^^^^^^^^^^^^^^
  File "C:\Users\gapli\Downloads\GB_Django\venv\Lib\site-packages\django\template\base.py", line 167, in _render
    return self.nodelist.render(context)
           ^^^^^^^^^^^^^^^^^^^^^^^^^^^^^
  File "C:\Users\gapli\Downloads\GB_Django\venv\Lib\site-packages\django\template\base.py", line 1005, in render
    return SafeString("".join([node.render_annotated(context) for node in self]))
                              ^^^^^^^^^^^^^^^^^^^^^^^^^^^^^^^^^^^^^^^^^^^^^^^^^
  File "C:\Users\gapli\Downloads\GB_Django\venv\Lib\site-packages\django\template\base.py", line 1005, in <listcomp>
    return SafeString("".join([node.render_annotated(context) for node in self]))
                               ^^^^^^^^^^^^^^^^^^^^^^^^^^^^^^
  File "C:\Users\gapli\Downloads\GB_Django\venv\Lib\site-packages\django\template\base.py", line 966, in render_annotated
    return self.render(context)
           ^^^^^^^^^^^^^^^^^^^^
  File "C:\Users\gapli\Downloads\GB_Django\venv\Lib\site-packages\django\template\loader_tags.py", line 157, in render
    return compiled_parent._render(context)
           ^^^^^^^^^^^^^^^^^^^^^^^^^^^^^^^^
  File "C:\Users\gapli\Downloads\GB_Django\venv\Lib\site-packages\django\template\base.py", line 167, in _render
    return self.nodelist.render(context)
           ^^^^^^^^^^^^^^^^^^^^^^^^^^^^^
  File "C:\Users\gapli\Downloads\GB_Django\venv\Lib\site-packages\django\template\base.py", line 1005, in render
    return SafeString("".join([node.render_annotated(context) for node in self]))
                              ^^^^^^^^^^^^^^^^^^^^^^^^^^^^^^^^^^^^^^^^^^^^^^^^^
  File "C:\Users\gapli\Downloads\GB_Django\venv\Lib\site-packages\django\template\base.py", line 1005, in <listcomp>
    return SafeString("".join([node.render_annotated(context) for node in self]))
                               ^^^^^^^^^^^^^^^^^^^^^^^^^^^^^^
  File "C:\Users\gapli\Downloads\GB_Django\venv\Lib\site-packages\django\template\base.py", line 966, in render_annotated
    return self.render(context)
           ^^^^^^^^^^^^^^^^^^^^
  File "C:\Users\gapli\Downloads\GB_Django\venv\Lib\site-packages\django\template\loader_tags.py", line 63, in render
    result = block.nodelist.render(context)
             ^^^^^^^^^^^^^^^^^^^^^^^^^^^^^^
  File "C:\Users\gapli\Downloads\GB_Django\venv\Lib\site-packages\django\template\base.py", line 1005, in render
    return SafeString("".join([node.render_annotated(context) for node in self]))
                              ^^^^^^^^^^^^^^^^^^^^^^^^^^^^^^^^^^^^^^^^^^^^^^^^^
  File "C:\Users\gapli\Downloads\GB_Django\venv\Lib\site-packages\django\template\base.py", line 1005, in <listcomp>
    return SafeString("".join([node.render_annotated(context) for node in self]))
                               ^^^^^^^^^^^^^^^^^^^^^^^^^^^^^^
  File "C:\Users\gapli\Downloads\GB_Django\venv\Lib\site-packages\django\template\base.py", line 966, in render_annotated
    return self.render(context)
           ^^^^^^^^^^^^^^^^^^^^
  File "C:\Users\gapli\Downloads\GB_Django\venv\Lib\site-packages\django\template\defaulttags.py", line 238, in render
    nodelist.append(node.render_annotated(context))
                    ^^^^^^^^^^^^^^^^^^^^^^^^^^^^^^
  File "C:\Users\gapli\Downloads\GB_Django\venv\Lib\site-packages\django\template\base.py", line 966, in render_annotated
    return self.render(context)
           ^^^^^^^^^^^^^^^^^^^^
  File "C:\Users\gapli\Downloads\GB_Django\venv\Lib\site-packages\django\template\defaulttags.py", line 193, in render
    values = list(values)
             ^^^^^^^^^^^^
TypeError: 'ManyRelatedManager' object is not iterable
ERROR 2023-09-05 16:46:20,396 basehttp 13508 2960 "GET /hw3/client/1 HTTP/1.1" 500 156945
INFO 2023-09-05 16:46:54,433 autoreload 13508 11792 C:\Users\gapli\Downloads\GB_Django\Homeworks\homework_project\homework_3_app\views.py changed, reloading.
INFO 2023-09-05 16:46:54,941 autoreload 20308 19960 Watching for file changes with StatReloader
ERROR 2023-09-05 16:46:55,544 log 20308 2628 Internal Server Error: /hw3/client/1
Traceback (most recent call last):
  File "C:\Users\gapli\Downloads\GB_Django\venv\Lib\site-packages\django\core\handlers\exception.py", line 55, in inner
    response = get_response(request)
               ^^^^^^^^^^^^^^^^^^^^^
  File "C:\Users\gapli\Downloads\GB_Django\venv\Lib\site-packages\django\core\handlers\base.py", line 220, in _get_response
    response = response.render()
               ^^^^^^^^^^^^^^^^^
  File "C:\Users\gapli\Downloads\GB_Django\venv\Lib\site-packages\django\template\response.py", line 114, in render
    self.content = self.rendered_content
                   ^^^^^^^^^^^^^^^^^^^^^
  File "C:\Users\gapli\Downloads\GB_Django\venv\Lib\site-packages\django\template\response.py", line 92, in rendered_content
    return template.render(context, self._request)
           ^^^^^^^^^^^^^^^^^^^^^^^^^^^^^^^^^^^^^^^
  File "C:\Users\gapli\Downloads\GB_Django\venv\Lib\site-packages\django\template\backends\django.py", line 61, in render
    return self.template.render(context)
           ^^^^^^^^^^^^^^^^^^^^^^^^^^^^^
  File "C:\Users\gapli\Downloads\GB_Django\venv\Lib\site-packages\django\template\base.py", line 175, in render
    return self._render(context)
           ^^^^^^^^^^^^^^^^^^^^^
  File "C:\Users\gapli\Downloads\GB_Django\venv\Lib\site-packages\django\template\base.py", line 167, in _render
    return self.nodelist.render(context)
           ^^^^^^^^^^^^^^^^^^^^^^^^^^^^^
  File "C:\Users\gapli\Downloads\GB_Django\venv\Lib\site-packages\django\template\base.py", line 1005, in render
    return SafeString("".join([node.render_annotated(context) for node in self]))
                              ^^^^^^^^^^^^^^^^^^^^^^^^^^^^^^^^^^^^^^^^^^^^^^^^^
  File "C:\Users\gapli\Downloads\GB_Django\venv\Lib\site-packages\django\template\base.py", line 1005, in <listcomp>
    return SafeString("".join([node.render_annotated(context) for node in self]))
                               ^^^^^^^^^^^^^^^^^^^^^^^^^^^^^^
  File "C:\Users\gapli\Downloads\GB_Django\venv\Lib\site-packages\django\template\base.py", line 966, in render_annotated
    return self.render(context)
           ^^^^^^^^^^^^^^^^^^^^
  File "C:\Users\gapli\Downloads\GB_Django\venv\Lib\site-packages\django\template\loader_tags.py", line 157, in render
    return compiled_parent._render(context)
           ^^^^^^^^^^^^^^^^^^^^^^^^^^^^^^^^
  File "C:\Users\gapli\Downloads\GB_Django\venv\Lib\site-packages\django\template\base.py", line 167, in _render
    return self.nodelist.render(context)
           ^^^^^^^^^^^^^^^^^^^^^^^^^^^^^
  File "C:\Users\gapli\Downloads\GB_Django\venv\Lib\site-packages\django\template\base.py", line 1005, in render
    return SafeString("".join([node.render_annotated(context) for node in self]))
                              ^^^^^^^^^^^^^^^^^^^^^^^^^^^^^^^^^^^^^^^^^^^^^^^^^
  File "C:\Users\gapli\Downloads\GB_Django\venv\Lib\site-packages\django\template\base.py", line 1005, in <listcomp>
    return SafeString("".join([node.render_annotated(context) for node in self]))
                               ^^^^^^^^^^^^^^^^^^^^^^^^^^^^^^
  File "C:\Users\gapli\Downloads\GB_Django\venv\Lib\site-packages\django\template\base.py", line 966, in render_annotated
    return self.render(context)
           ^^^^^^^^^^^^^^^^^^^^
  File "C:\Users\gapli\Downloads\GB_Django\venv\Lib\site-packages\django\template\loader_tags.py", line 63, in render
    result = block.nodelist.render(context)
             ^^^^^^^^^^^^^^^^^^^^^^^^^^^^^^
  File "C:\Users\gapli\Downloads\GB_Django\venv\Lib\site-packages\django\template\base.py", line 1005, in render
    return SafeString("".join([node.render_annotated(context) for node in self]))
                              ^^^^^^^^^^^^^^^^^^^^^^^^^^^^^^^^^^^^^^^^^^^^^^^^^
  File "C:\Users\gapli\Downloads\GB_Django\venv\Lib\site-packages\django\template\base.py", line 1005, in <listcomp>
    return SafeString("".join([node.render_annotated(context) for node in self]))
                               ^^^^^^^^^^^^^^^^^^^^^^^^^^^^^^
  File "C:\Users\gapli\Downloads\GB_Django\venv\Lib\site-packages\django\template\base.py", line 966, in render_annotated
    return self.render(context)
           ^^^^^^^^^^^^^^^^^^^^
  File "C:\Users\gapli\Downloads\GB_Django\venv\Lib\site-packages\django\template\defaulttags.py", line 238, in render
    nodelist.append(node.render_annotated(context))
                    ^^^^^^^^^^^^^^^^^^^^^^^^^^^^^^
  File "C:\Users\gapli\Downloads\GB_Django\venv\Lib\site-packages\django\template\base.py", line 966, in render_annotated
    return self.render(context)
           ^^^^^^^^^^^^^^^^^^^^
  File "C:\Users\gapli\Downloads\GB_Django\venv\Lib\site-packages\django\template\defaulttags.py", line 193, in render
    values = list(values)
             ^^^^^^^^^^^^
TypeError: 'ManyRelatedManager' object is not iterable
ERROR 2023-09-05 16:46:55,549 basehttp 20308 2628 "GET /hw3/client/1 HTTP/1.1" 500 156945
INFO 2023-09-05 16:47:11,586 autoreload 20308 19960 C:\Users\gapli\Downloads\GB_Django\Homeworks\homework_project\homework_3_app\views.py changed, reloading.
INFO 2023-09-05 16:47:12,076 autoreload 17584 10004 Watching for file changes with StatReloader
ERROR 2023-09-05 16:47:12,271 log 17584 7872 Internal Server Error: /hw3/client/1
Traceback (most recent call last):
  File "C:\Users\gapli\Downloads\GB_Django\venv\Lib\site-packages\django\core\handlers\exception.py", line 55, in inner
    response = get_response(request)
               ^^^^^^^^^^^^^^^^^^^^^
  File "C:\Users\gapli\Downloads\GB_Django\venv\Lib\site-packages\django\core\handlers\base.py", line 220, in _get_response
    response = response.render()
               ^^^^^^^^^^^^^^^^^
  File "C:\Users\gapli\Downloads\GB_Django\venv\Lib\site-packages\django\template\response.py", line 114, in render
    self.content = self.rendered_content
                   ^^^^^^^^^^^^^^^^^^^^^
  File "C:\Users\gapli\Downloads\GB_Django\venv\Lib\site-packages\django\template\response.py", line 92, in rendered_content
    return template.render(context, self._request)
           ^^^^^^^^^^^^^^^^^^^^^^^^^^^^^^^^^^^^^^^
  File "C:\Users\gapli\Downloads\GB_Django\venv\Lib\site-packages\django\template\backends\django.py", line 61, in render
    return self.template.render(context)
           ^^^^^^^^^^^^^^^^^^^^^^^^^^^^^
  File "C:\Users\gapli\Downloads\GB_Django\venv\Lib\site-packages\django\template\base.py", line 175, in render
    return self._render(context)
           ^^^^^^^^^^^^^^^^^^^^^
  File "C:\Users\gapli\Downloads\GB_Django\venv\Lib\site-packages\django\template\base.py", line 167, in _render
    return self.nodelist.render(context)
           ^^^^^^^^^^^^^^^^^^^^^^^^^^^^^
  File "C:\Users\gapli\Downloads\GB_Django\venv\Lib\site-packages\django\template\base.py", line 1005, in render
    return SafeString("".join([node.render_annotated(context) for node in self]))
                              ^^^^^^^^^^^^^^^^^^^^^^^^^^^^^^^^^^^^^^^^^^^^^^^^^
  File "C:\Users\gapli\Downloads\GB_Django\venv\Lib\site-packages\django\template\base.py", line 1005, in <listcomp>
    return SafeString("".join([node.render_annotated(context) for node in self]))
                               ^^^^^^^^^^^^^^^^^^^^^^^^^^^^^^
  File "C:\Users\gapli\Downloads\GB_Django\venv\Lib\site-packages\django\template\base.py", line 966, in render_annotated
    return self.render(context)
           ^^^^^^^^^^^^^^^^^^^^
  File "C:\Users\gapli\Downloads\GB_Django\venv\Lib\site-packages\django\template\loader_tags.py", line 157, in render
    return compiled_parent._render(context)
           ^^^^^^^^^^^^^^^^^^^^^^^^^^^^^^^^
  File "C:\Users\gapli\Downloads\GB_Django\venv\Lib\site-packages\django\template\base.py", line 167, in _render
    return self.nodelist.render(context)
           ^^^^^^^^^^^^^^^^^^^^^^^^^^^^^
  File "C:\Users\gapli\Downloads\GB_Django\venv\Lib\site-packages\django\template\base.py", line 1005, in render
    return SafeString("".join([node.render_annotated(context) for node in self]))
                              ^^^^^^^^^^^^^^^^^^^^^^^^^^^^^^^^^^^^^^^^^^^^^^^^^
  File "C:\Users\gapli\Downloads\GB_Django\venv\Lib\site-packages\django\template\base.py", line 1005, in <listcomp>
    return SafeString("".join([node.render_annotated(context) for node in self]))
                               ^^^^^^^^^^^^^^^^^^^^^^^^^^^^^^
  File "C:\Users\gapli\Downloads\GB_Django\venv\Lib\site-packages\django\template\base.py", line 966, in render_annotated
    return self.render(context)
           ^^^^^^^^^^^^^^^^^^^^
  File "C:\Users\gapli\Downloads\GB_Django\venv\Lib\site-packages\django\template\loader_tags.py", line 63, in render
    result = block.nodelist.render(context)
             ^^^^^^^^^^^^^^^^^^^^^^^^^^^^^^
  File "C:\Users\gapli\Downloads\GB_Django\venv\Lib\site-packages\django\template\base.py", line 1005, in render
    return SafeString("".join([node.render_annotated(context) for node in self]))
                              ^^^^^^^^^^^^^^^^^^^^^^^^^^^^^^^^^^^^^^^^^^^^^^^^^
  File "C:\Users\gapli\Downloads\GB_Django\venv\Lib\site-packages\django\template\base.py", line 1005, in <listcomp>
    return SafeString("".join([node.render_annotated(context) for node in self]))
                               ^^^^^^^^^^^^^^^^^^^^^^^^^^^^^^
  File "C:\Users\gapli\Downloads\GB_Django\venv\Lib\site-packages\django\template\base.py", line 966, in render_annotated
    return self.render(context)
           ^^^^^^^^^^^^^^^^^^^^
  File "C:\Users\gapli\Downloads\GB_Django\venv\Lib\site-packages\django\template\defaulttags.py", line 238, in render
    nodelist.append(node.render_annotated(context))
                    ^^^^^^^^^^^^^^^^^^^^^^^^^^^^^^
  File "C:\Users\gapli\Downloads\GB_Django\venv\Lib\site-packages\django\template\base.py", line 966, in render_annotated
    return self.render(context)
           ^^^^^^^^^^^^^^^^^^^^
  File "C:\Users\gapli\Downloads\GB_Django\venv\Lib\site-packages\django\template\defaulttags.py", line 193, in render
    values = list(values)
             ^^^^^^^^^^^^
TypeError: 'ManyRelatedManager' object is not iterable
ERROR 2023-09-05 16:47:12,275 basehttp 17584 7872 "GET /hw3/client/1 HTTP/1.1" 500 156945
INFO 2023-09-05 16:47:41,253 autoreload 16272 15560 Watching for file changes with StatReloader
INFO 2023-09-05 16:47:59,908 autoreload 16272 15560 C:\Users\gapli\Downloads\GB_Django\Homeworks\homework_project\homework_3_app\views.py changed, reloading.
INFO 2023-09-05 16:48:00,355 autoreload 10732 12320 Watching for file changes with StatReloader
ERROR 2023-09-05 16:48:02,818 log 10732 20824 Internal Server Error: /hw3/client/1
Traceback (most recent call last):
  File "C:\Users\gapli\Downloads\GB_Django\venv\Lib\site-packages\django\core\handlers\exception.py", line 55, in inner
    response = get_response(request)
               ^^^^^^^^^^^^^^^^^^^^^
  File "C:\Users\gapli\Downloads\GB_Django\venv\Lib\site-packages\django\core\handlers\base.py", line 220, in _get_response
    response = response.render()
               ^^^^^^^^^^^^^^^^^
  File "C:\Users\gapli\Downloads\GB_Django\venv\Lib\site-packages\django\template\response.py", line 114, in render
    self.content = self.rendered_content
                   ^^^^^^^^^^^^^^^^^^^^^
  File "C:\Users\gapli\Downloads\GB_Django\venv\Lib\site-packages\django\template\response.py", line 92, in rendered_content
    return template.render(context, self._request)
           ^^^^^^^^^^^^^^^^^^^^^^^^^^^^^^^^^^^^^^^
  File "C:\Users\gapli\Downloads\GB_Django\venv\Lib\site-packages\django\template\backends\django.py", line 61, in render
    return self.template.render(context)
           ^^^^^^^^^^^^^^^^^^^^^^^^^^^^^
  File "C:\Users\gapli\Downloads\GB_Django\venv\Lib\site-packages\django\template\base.py", line 175, in render
    return self._render(context)
           ^^^^^^^^^^^^^^^^^^^^^
  File "C:\Users\gapli\Downloads\GB_Django\venv\Lib\site-packages\django\template\base.py", line 167, in _render
    return self.nodelist.render(context)
           ^^^^^^^^^^^^^^^^^^^^^^^^^^^^^
  File "C:\Users\gapli\Downloads\GB_Django\venv\Lib\site-packages\django\template\base.py", line 1005, in render
    return SafeString("".join([node.render_annotated(context) for node in self]))
                              ^^^^^^^^^^^^^^^^^^^^^^^^^^^^^^^^^^^^^^^^^^^^^^^^^
  File "C:\Users\gapli\Downloads\GB_Django\venv\Lib\site-packages\django\template\base.py", line 1005, in <listcomp>
    return SafeString("".join([node.render_annotated(context) for node in self]))
                               ^^^^^^^^^^^^^^^^^^^^^^^^^^^^^^
  File "C:\Users\gapli\Downloads\GB_Django\venv\Lib\site-packages\django\template\base.py", line 966, in render_annotated
    return self.render(context)
           ^^^^^^^^^^^^^^^^^^^^
  File "C:\Users\gapli\Downloads\GB_Django\venv\Lib\site-packages\django\template\loader_tags.py", line 157, in render
    return compiled_parent._render(context)
           ^^^^^^^^^^^^^^^^^^^^^^^^^^^^^^^^
  File "C:\Users\gapli\Downloads\GB_Django\venv\Lib\site-packages\django\template\base.py", line 167, in _render
    return self.nodelist.render(context)
           ^^^^^^^^^^^^^^^^^^^^^^^^^^^^^
  File "C:\Users\gapli\Downloads\GB_Django\venv\Lib\site-packages\django\template\base.py", line 1005, in render
    return SafeString("".join([node.render_annotated(context) for node in self]))
                              ^^^^^^^^^^^^^^^^^^^^^^^^^^^^^^^^^^^^^^^^^^^^^^^^^
  File "C:\Users\gapli\Downloads\GB_Django\venv\Lib\site-packages\django\template\base.py", line 1005, in <listcomp>
    return SafeString("".join([node.render_annotated(context) for node in self]))
                               ^^^^^^^^^^^^^^^^^^^^^^^^^^^^^^
  File "C:\Users\gapli\Downloads\GB_Django\venv\Lib\site-packages\django\template\base.py", line 966, in render_annotated
    return self.render(context)
           ^^^^^^^^^^^^^^^^^^^^
  File "C:\Users\gapli\Downloads\GB_Django\venv\Lib\site-packages\django\template\loader_tags.py", line 63, in render
    result = block.nodelist.render(context)
             ^^^^^^^^^^^^^^^^^^^^^^^^^^^^^^
  File "C:\Users\gapli\Downloads\GB_Django\venv\Lib\site-packages\django\template\base.py", line 1005, in render
    return SafeString("".join([node.render_annotated(context) for node in self]))
                              ^^^^^^^^^^^^^^^^^^^^^^^^^^^^^^^^^^^^^^^^^^^^^^^^^
  File "C:\Users\gapli\Downloads\GB_Django\venv\Lib\site-packages\django\template\base.py", line 1005, in <listcomp>
    return SafeString("".join([node.render_annotated(context) for node in self]))
                               ^^^^^^^^^^^^^^^^^^^^^^^^^^^^^^
  File "C:\Users\gapli\Downloads\GB_Django\venv\Lib\site-packages\django\template\base.py", line 966, in render_annotated
    return self.render(context)
           ^^^^^^^^^^^^^^^^^^^^
  File "C:\Users\gapli\Downloads\GB_Django\venv\Lib\site-packages\django\template\defaulttags.py", line 238, in render
    nodelist.append(node.render_annotated(context))
                    ^^^^^^^^^^^^^^^^^^^^^^^^^^^^^^
  File "C:\Users\gapli\Downloads\GB_Django\venv\Lib\site-packages\django\template\base.py", line 966, in render_annotated
    return self.render(context)
           ^^^^^^^^^^^^^^^^^^^^
  File "C:\Users\gapli\Downloads\GB_Django\venv\Lib\site-packages\django\template\defaulttags.py", line 193, in render
    values = list(values)
             ^^^^^^^^^^^^
TypeError: 'ManyRelatedManager' object is not iterable
ERROR 2023-09-05 16:48:02,821 basehttp 10732 20824 "GET /hw3/client/1 HTTP/1.1" 500 156945
INFO 2023-09-05 16:48:21,191 autoreload 10732 12320 C:\Users\gapli\Downloads\GB_Django\Homeworks\homework_project\homework_3_app\views.py changed, reloading.
INFO 2023-09-05 16:48:21,637 autoreload 19272 21940 Watching for file changes with StatReloader
ERROR 2023-09-05 16:48:23,768 log 19272 12772 Internal Server Error: /hw3/client/1
Traceback (most recent call last):
  File "C:\Users\gapli\Downloads\GB_Django\venv\Lib\site-packages\django\core\handlers\exception.py", line 55, in inner
    response = get_response(request)
               ^^^^^^^^^^^^^^^^^^^^^
  File "C:\Users\gapli\Downloads\GB_Django\venv\Lib\site-packages\django\core\handlers\base.py", line 220, in _get_response
    response = response.render()
               ^^^^^^^^^^^^^^^^^
  File "C:\Users\gapli\Downloads\GB_Django\venv\Lib\site-packages\django\template\response.py", line 114, in render
    self.content = self.rendered_content
                   ^^^^^^^^^^^^^^^^^^^^^
  File "C:\Users\gapli\Downloads\GB_Django\venv\Lib\site-packages\django\template\response.py", line 92, in rendered_content
    return template.render(context, self._request)
           ^^^^^^^^^^^^^^^^^^^^^^^^^^^^^^^^^^^^^^^
  File "C:\Users\gapli\Downloads\GB_Django\venv\Lib\site-packages\django\template\backends\django.py", line 61, in render
    return self.template.render(context)
           ^^^^^^^^^^^^^^^^^^^^^^^^^^^^^
  File "C:\Users\gapli\Downloads\GB_Django\venv\Lib\site-packages\django\template\base.py", line 175, in render
    return self._render(context)
           ^^^^^^^^^^^^^^^^^^^^^
  File "C:\Users\gapli\Downloads\GB_Django\venv\Lib\site-packages\django\template\base.py", line 167, in _render
    return self.nodelist.render(context)
           ^^^^^^^^^^^^^^^^^^^^^^^^^^^^^
  File "C:\Users\gapli\Downloads\GB_Django\venv\Lib\site-packages\django\template\base.py", line 1005, in render
    return SafeString("".join([node.render_annotated(context) for node in self]))
                              ^^^^^^^^^^^^^^^^^^^^^^^^^^^^^^^^^^^^^^^^^^^^^^^^^
  File "C:\Users\gapli\Downloads\GB_Django\venv\Lib\site-packages\django\template\base.py", line 1005, in <listcomp>
    return SafeString("".join([node.render_annotated(context) for node in self]))
                               ^^^^^^^^^^^^^^^^^^^^^^^^^^^^^^
  File "C:\Users\gapli\Downloads\GB_Django\venv\Lib\site-packages\django\template\base.py", line 966, in render_annotated
    return self.render(context)
           ^^^^^^^^^^^^^^^^^^^^
  File "C:\Users\gapli\Downloads\GB_Django\venv\Lib\site-packages\django\template\loader_tags.py", line 157, in render
    return compiled_parent._render(context)
           ^^^^^^^^^^^^^^^^^^^^^^^^^^^^^^^^
  File "C:\Users\gapli\Downloads\GB_Django\venv\Lib\site-packages\django\template\base.py", line 167, in _render
    return self.nodelist.render(context)
           ^^^^^^^^^^^^^^^^^^^^^^^^^^^^^
  File "C:\Users\gapli\Downloads\GB_Django\venv\Lib\site-packages\django\template\base.py", line 1005, in render
    return SafeString("".join([node.render_annotated(context) for node in self]))
                              ^^^^^^^^^^^^^^^^^^^^^^^^^^^^^^^^^^^^^^^^^^^^^^^^^
  File "C:\Users\gapli\Downloads\GB_Django\venv\Lib\site-packages\django\template\base.py", line 1005, in <listcomp>
    return SafeString("".join([node.render_annotated(context) for node in self]))
                               ^^^^^^^^^^^^^^^^^^^^^^^^^^^^^^
  File "C:\Users\gapli\Downloads\GB_Django\venv\Lib\site-packages\django\template\base.py", line 966, in render_annotated
    return self.render(context)
           ^^^^^^^^^^^^^^^^^^^^
  File "C:\Users\gapli\Downloads\GB_Django\venv\Lib\site-packages\django\template\loader_tags.py", line 63, in render
    result = block.nodelist.render(context)
             ^^^^^^^^^^^^^^^^^^^^^^^^^^^^^^
  File "C:\Users\gapli\Downloads\GB_Django\venv\Lib\site-packages\django\template\base.py", line 1005, in render
    return SafeString("".join([node.render_annotated(context) for node in self]))
                              ^^^^^^^^^^^^^^^^^^^^^^^^^^^^^^^^^^^^^^^^^^^^^^^^^
  File "C:\Users\gapli\Downloads\GB_Django\venv\Lib\site-packages\django\template\base.py", line 1005, in <listcomp>
    return SafeString("".join([node.render_annotated(context) for node in self]))
                               ^^^^^^^^^^^^^^^^^^^^^^^^^^^^^^
  File "C:\Users\gapli\Downloads\GB_Django\venv\Lib\site-packages\django\template\base.py", line 966, in render_annotated
    return self.render(context)
           ^^^^^^^^^^^^^^^^^^^^
  File "C:\Users\gapli\Downloads\GB_Django\venv\Lib\site-packages\django\template\defaulttags.py", line 238, in render
    nodelist.append(node.render_annotated(context))
                    ^^^^^^^^^^^^^^^^^^^^^^^^^^^^^^
  File "C:\Users\gapli\Downloads\GB_Django\venv\Lib\site-packages\django\template\base.py", line 966, in render_annotated
    return self.render(context)
           ^^^^^^^^^^^^^^^^^^^^
  File "C:\Users\gapli\Downloads\GB_Django\venv\Lib\site-packages\django\template\defaulttags.py", line 193, in render
    values = list(values)
             ^^^^^^^^^^^^
TypeError: 'ManyRelatedManager' object is not iterable
ERROR 2023-09-05 16:48:23,772 basehttp 19272 12772 "GET /hw3/client/1 HTTP/1.1" 500 156945
INFO 2023-09-05 16:48:37,382 autoreload 19272 21940 C:\Users\gapli\Downloads\GB_Django\Homeworks\homework_project\homework_3_app\views.py changed, reloading.
INFO 2023-09-05 16:48:37,862 autoreload 19684 17672 Watching for file changes with StatReloader
ERROR 2023-09-05 16:48:39,372 log 19684 15268 Internal Server Error: /hw3/client/1
Traceback (most recent call last):
  File "C:\Users\gapli\Downloads\GB_Django\venv\Lib\site-packages\django\core\handlers\exception.py", line 55, in inner
    response = get_response(request)
               ^^^^^^^^^^^^^^^^^^^^^
  File "C:\Users\gapli\Downloads\GB_Django\venv\Lib\site-packages\django\core\handlers\base.py", line 197, in _get_response
    response = wrapped_callback(request, *callback_args, **callback_kwargs)
               ^^^^^^^^^^^^^^^^^^^^^^^^^^^^^^^^^^^^^^^^^^^^^^^^^^^^^^^^^^^^
  File "C:\Users\gapli\Downloads\GB_Django\venv\Lib\site-packages\django\views\generic\base.py", line 104, in view
    return self.dispatch(request, *args, **kwargs)
           ^^^^^^^^^^^^^^^^^^^^^^^^^^^^^^^^^^^^^^^
  File "C:\Users\gapli\Downloads\GB_Django\venv\Lib\site-packages\django\views\generic\base.py", line 143, in dispatch
    return handler(request, *args, **kwargs)
           ^^^^^^^^^^^^^^^^^^^^^^^^^^^^^^^^^
  File "C:\Users\gapli\Downloads\GB_Django\venv\Lib\site-packages\django\views\generic\base.py", line 226, in get
    context = self.get_context_data(**kwargs)
              ^^^^^^^^^^^^^^^^^^^^^^^^^^^^^^^
  File "C:\Users\gapli\Downloads\GB_Django\Homeworks\homework_project\homework_3_app\views.py", line 14, in get_context_data
    print(orders[1])
          ~~~~~~^^^
  File "C:\Users\gapli\Downloads\GB_Django\venv\Lib\site-packages\django\db\models\query.py", line 450, in __getitem__
    return qs._result_cache[0]
           ~~~~~~~~~~~~~~~~^^^
IndexError: list index out of range
ERROR 2023-09-05 16:48:39,375 basehttp 19684 15268 "GET /hw3/client/1 HTTP/1.1" 500 84604
INFO 2023-09-05 16:50:34,625 autoreload 19684 17672 C:\Users\gapli\Downloads\GB_Django\Homeworks\homework_project\homework_3_app\views.py changed, reloading.
INFO 2023-09-05 16:50:35,121 autoreload 22236 11632 Watching for file changes with StatReloader
INFO 2023-09-05 16:50:54,789 autoreload 22236 11632 C:\Users\gapli\Downloads\GB_Django\Homeworks\homework_project\homework_3_app\views.py changed, reloading.
INFO 2023-09-05 16:50:55,273 autoreload 14580 22172 Watching for file changes with StatReloader
ERROR 2023-09-05 16:50:57,112 log 14580 19432 Internal Server Error: /hw3/client/1
Traceback (most recent call last):
  File "C:\Users\gapli\Downloads\GB_Django\venv\Lib\site-packages\django\core\handlers\exception.py", line 55, in inner
    response = get_response(request)
               ^^^^^^^^^^^^^^^^^^^^^
  File "C:\Users\gapli\Downloads\GB_Django\venv\Lib\site-packages\django\core\handlers\base.py", line 220, in _get_response
    response = response.render()
               ^^^^^^^^^^^^^^^^^
  File "C:\Users\gapli\Downloads\GB_Django\venv\Lib\site-packages\django\template\response.py", line 114, in render
    self.content = self.rendered_content
                   ^^^^^^^^^^^^^^^^^^^^^
  File "C:\Users\gapli\Downloads\GB_Django\venv\Lib\site-packages\django\template\response.py", line 92, in rendered_content
    return template.render(context, self._request)
           ^^^^^^^^^^^^^^^^^^^^^^^^^^^^^^^^^^^^^^^
  File "C:\Users\gapli\Downloads\GB_Django\venv\Lib\site-packages\django\template\backends\django.py", line 61, in render
    return self.template.render(context)
           ^^^^^^^^^^^^^^^^^^^^^^^^^^^^^
  File "C:\Users\gapli\Downloads\GB_Django\venv\Lib\site-packages\django\template\base.py", line 175, in render
    return self._render(context)
           ^^^^^^^^^^^^^^^^^^^^^
  File "C:\Users\gapli\Downloads\GB_Django\venv\Lib\site-packages\django\template\base.py", line 167, in _render
    return self.nodelist.render(context)
           ^^^^^^^^^^^^^^^^^^^^^^^^^^^^^
  File "C:\Users\gapli\Downloads\GB_Django\venv\Lib\site-packages\django\template\base.py", line 1005, in render
    return SafeString("".join([node.render_annotated(context) for node in self]))
                              ^^^^^^^^^^^^^^^^^^^^^^^^^^^^^^^^^^^^^^^^^^^^^^^^^
  File "C:\Users\gapli\Downloads\GB_Django\venv\Lib\site-packages\django\template\base.py", line 1005, in <listcomp>
    return SafeString("".join([node.render_annotated(context) for node in self]))
                               ^^^^^^^^^^^^^^^^^^^^^^^^^^^^^^
  File "C:\Users\gapli\Downloads\GB_Django\venv\Lib\site-packages\django\template\base.py", line 966, in render_annotated
    return self.render(context)
           ^^^^^^^^^^^^^^^^^^^^
  File "C:\Users\gapli\Downloads\GB_Django\venv\Lib\site-packages\django\template\loader_tags.py", line 157, in render
    return compiled_parent._render(context)
           ^^^^^^^^^^^^^^^^^^^^^^^^^^^^^^^^
  File "C:\Users\gapli\Downloads\GB_Django\venv\Lib\site-packages\django\template\base.py", line 167, in _render
    return self.nodelist.render(context)
           ^^^^^^^^^^^^^^^^^^^^^^^^^^^^^
  File "C:\Users\gapli\Downloads\GB_Django\venv\Lib\site-packages\django\template\base.py", line 1005, in render
    return SafeString("".join([node.render_annotated(context) for node in self]))
                              ^^^^^^^^^^^^^^^^^^^^^^^^^^^^^^^^^^^^^^^^^^^^^^^^^
  File "C:\Users\gapli\Downloads\GB_Django\venv\Lib\site-packages\django\template\base.py", line 1005, in <listcomp>
    return SafeString("".join([node.render_annotated(context) for node in self]))
                               ^^^^^^^^^^^^^^^^^^^^^^^^^^^^^^
  File "C:\Users\gapli\Downloads\GB_Django\venv\Lib\site-packages\django\template\base.py", line 966, in render_annotated
    return self.render(context)
           ^^^^^^^^^^^^^^^^^^^^
  File "C:\Users\gapli\Downloads\GB_Django\venv\Lib\site-packages\django\template\loader_tags.py", line 63, in render
    result = block.nodelist.render(context)
             ^^^^^^^^^^^^^^^^^^^^^^^^^^^^^^
  File "C:\Users\gapli\Downloads\GB_Django\venv\Lib\site-packages\django\template\base.py", line 1005, in render
    return SafeString("".join([node.render_annotated(context) for node in self]))
                              ^^^^^^^^^^^^^^^^^^^^^^^^^^^^^^^^^^^^^^^^^^^^^^^^^
  File "C:\Users\gapli\Downloads\GB_Django\venv\Lib\site-packages\django\template\base.py", line 1005, in <listcomp>
    return SafeString("".join([node.render_annotated(context) for node in self]))
                               ^^^^^^^^^^^^^^^^^^^^^^^^^^^^^^
  File "C:\Users\gapli\Downloads\GB_Django\venv\Lib\site-packages\django\template\base.py", line 966, in render_annotated
    return self.render(context)
           ^^^^^^^^^^^^^^^^^^^^
  File "C:\Users\gapli\Downloads\GB_Django\venv\Lib\site-packages\django\template\defaulttags.py", line 238, in render
    nodelist.append(node.render_annotated(context))
                    ^^^^^^^^^^^^^^^^^^^^^^^^^^^^^^
  File "C:\Users\gapli\Downloads\GB_Django\venv\Lib\site-packages\django\template\base.py", line 966, in render_annotated
    return self.render(context)
           ^^^^^^^^^^^^^^^^^^^^
  File "C:\Users\gapli\Downloads\GB_Django\venv\Lib\site-packages\django\template\defaulttags.py", line 193, in render
    values = list(values)
             ^^^^^^^^^^^^
TypeError: 'ManyRelatedManager' object is not iterable
ERROR 2023-09-05 16:50:57,115 basehttp 14580 19432 "GET /hw3/client/1 HTTP/1.1" 500 156945
INFO 2023-09-05 16:55:37,512 autoreload 14580 22172 C:\Users\gapli\Downloads\GB_Django\Homeworks\homework_project\homework_3_app\views.py changed, reloading.
INFO 2023-09-05 16:55:37,961 autoreload 21188 2248 Watching for file changes with StatReloader
INFO 2023-09-05 16:55:42,700 basehttp 21188 4440 "GET /hw3/client/1 HTTP/1.1" 200 317
INFO 2023-09-05 16:55:44,920 basehttp 21188 4440 "GET /hw3/client/1 HTTP/1.1" 200 317
INFO 2023-09-05 16:55:45,515 basehttp 21188 4440 "GET /hw3/client/1 HTTP/1.1" 200 317
INFO 2023-09-05 16:56:00,854 basehttp 21188 4440 "GET /hw3/client/2 HTTP/1.1" 200 317
INFO 2023-09-05 16:56:45,718 autoreload 21188 2248 C:\Users\gapli\Downloads\GB_Django\Homeworks\homework_project\homework_3_app\views.py changed, reloading.
INFO 2023-09-05 16:56:46,203 autoreload 19408 19200 Watching for file changes with StatReloader
INFO 2023-09-05 16:56:48,637 basehttp 19408 19124 "GET /hw3/client/2 HTTP/1.1" 200 278
INFO 2023-09-05 16:57:25,750 basehttp 19408 19124 "GET /hw3/client/2 HTTP/1.1" 200 326
INFO 2023-09-05 17:06:47,994 autoreload 16436 22208 Watching for file changes with StatReloader
INFO 2023-09-05 17:06:55,502 basehttp 16436 15816 "GET /hw3/client/1 HTTP/1.1" 200 560
INFO 2023-09-05 17:23:05,563 autoreload 3012 14852 Watching for file changes with StatReloader
INFO 2023-09-05 17:23:06,474 basehttp 3012 7056 "GET / HTTP/1.1" 200 208
INFO 2023-09-05 17:23:13,893 basehttp 3012 7056 "GET /hw3/client/1 HTTP/1.1" 301 0
INFO 2023-09-05 17:23:13,907 basehttp 3012 17584 "GET /hw3/client/1/ HTTP/1.1" 200 560
INFO 2023-09-05 17:23:14,369 basehttp 3012 17584 "GET /hw3/client/1/ HTTP/1.1" 200 560
INFO 2023-09-05 17:23:16,760 basehttp 3012 17584 "GET /hw3/client/1/ HTTP/1.1" 200 560
INFO 2023-09-05 17:23:22,228 basehttp 3012 17584 "GET /hw3/client/week/1 HTTP/1.1" 301 0
ERROR 2023-09-05 17:23:22,294 log 3012 3224 Internal Server Error: /hw3/client/week/1/
Traceback (most recent call last):
  File "C:\Users\gapli\Downloads\GB_Django\venv\Lib\site-packages\django\core\handlers\exception.py", line 55, in inner
    response = get_response(request)
               ^^^^^^^^^^^^^^^^^^^^^
  File "C:\Users\gapli\Downloads\GB_Django\venv\Lib\site-packages\django\core\handlers\base.py", line 197, in _get_response
    response = wrapped_callback(request, *callback_args, **callback_kwargs)
               ^^^^^^^^^^^^^^^^^^^^^^^^^^^^^^^^^^^^^^^^^^^^^^^^^^^^^^^^^^^^
  File "C:\Users\gapli\Downloads\GB_Django\venv\Lib\site-packages\django\views\generic\base.py", line 104, in view
    return self.dispatch(request, *args, **kwargs)
           ^^^^^^^^^^^^^^^^^^^^^^^^^^^^^^^^^^^^^^^
  File "C:\Users\gapli\Downloads\GB_Django\venv\Lib\site-packages\django\views\generic\base.py", line 143, in dispatch
    return handler(request, *args, **kwargs)
           ^^^^^^^^^^^^^^^^^^^^^^^^^^^^^^^^^
  File "C:\Users\gapli\Downloads\GB_Django\venv\Lib\site-packages\django\views\generic\base.py", line 226, in get
    context = self.get_context_data(**kwargs)
              ^^^^^^^^^^^^^^^^^^^^^^^^^^^^^^^
  File "C:\Users\gapli\Downloads\GB_Django\Homeworks\homework_project\homework_3_app\views.py", line 28, in get_context_data
    orders = Order.objects.filter(customer=client, date__range=[startdate, enddate])
             ^^^^^^^^^^^^^^^^^^^^^^^^^^^^^^^^^^^^^^^^^^^^^^^^^^^^^^^^^^^^^^^^^^^^^^^
  File "C:\Users\gapli\Downloads\GB_Django\venv\Lib\site-packages\django\db\models\manager.py", line 87, in manager_method
    return getattr(self.get_queryset(), name)(*args, **kwargs)
           ^^^^^^^^^^^^^^^^^^^^^^^^^^^^^^^^^^^^^^^^^^^^^^^^^^^
  File "C:\Users\gapli\Downloads\GB_Django\venv\Lib\site-packages\django\db\models\query.py", line 1436, in filter
    return self._filter_or_exclude(False, args, kwargs)
           ^^^^^^^^^^^^^^^^^^^^^^^^^^^^^^^^^^^^^^^^^^^^
  File "C:\Users\gapli\Downloads\GB_Django\venv\Lib\site-packages\django\db\models\query.py", line 1454, in _filter_or_exclude
    clone._filter_or_exclude_inplace(negate, args, kwargs)
  File "C:\Users\gapli\Downloads\GB_Django\venv\Lib\site-packages\django\db\models\query.py", line 1461, in _filter_or_exclude_inplace
    self._query.add_q(Q(*args, **kwargs))
  File "C:\Users\gapli\Downloads\GB_Django\venv\Lib\site-packages\django\db\models\sql\query.py", line 1545, in add_q
    clause, _ = self._add_q(q_object, self.used_aliases)
                ^^^^^^^^^^^^^^^^^^^^^^^^^^^^^^^^^^^^^^^^
  File "C:\Users\gapli\Downloads\GB_Django\venv\Lib\site-packages\django\db\models\sql\query.py", line 1576, in _add_q
    child_clause, needed_inner = self.build_filter(
                                 ^^^^^^^^^^^^^^^^^^
  File "C:\Users\gapli\Downloads\GB_Django\venv\Lib\site-packages\django\db\models\sql\query.py", line 1426, in build_filter
    lookups, parts, reffed_expression = self.solve_lookup_type(arg, summarize)
                                        ^^^^^^^^^^^^^^^^^^^^^^^^^^^^^^^^^^^^^^
  File "C:\Users\gapli\Downloads\GB_Django\venv\Lib\site-packages\django\db\models\sql\query.py", line 1236, in solve_lookup_type
    _, field, _, lookup_parts = self.names_to_path(lookup_splitted, self.get_meta())
                                ^^^^^^^^^^^^^^^^^^^^^^^^^^^^^^^^^^^^^^^^^^^^^^^^^^^^
  File "C:\Users\gapli\Downloads\GB_Django\venv\Lib\site-packages\django\db\models\sql\query.py", line 1724, in names_to_path
    raise FieldError(
django.core.exceptions.FieldError: Cannot resolve keyword 'date' into field. Choices are: customer, customer_id, date_ordered, id, products, total_price
ERROR 2023-09-05 17:23:22,300 basehttp 3012 3224 "GET /hw3/client/week/1/ HTTP/1.1" 500 129681
INFO 2023-09-05 17:23:51,102 autoreload 3012 14852 C:\Users\gapli\Downloads\GB_Django\Homeworks\homework_project\homework_3_app\views.py changed, reloading.
INFO 2023-09-05 17:23:51,562 autoreload 21384 22256 Watching for file changes with StatReloader
INFO 2023-09-05 17:23:52,634 basehttp 21384 16268 "GET /hw3/client/week/1/ HTTP/1.1" 200 571
INFO 2023-09-05 17:25:27,625 basehttp 21384 16268 "GET /hw3/client/week/1/ HTTP/1.1" 200 406
INFO 2023-09-05 17:26:22,971 autoreload 21384 22256 C:\Users\gapli\Downloads\GB_Django\Homeworks\homework_project\homework_3_app\views.py changed, reloading.
INFO 2023-09-05 17:26:23,436 autoreload 10208 20936 Watching for file changes with StatReloader
INFO 2023-09-05 17:26:25,316 basehttp 10208 20072 "GET /hw3/client/week/1/ HTTP/1.1" 200 415
INFO 2023-09-05 17:28:06,661 basehttp 10208 20072 "GET /hw3/client/week/1/ HTTP/1.1" 200 415
INFO 2023-09-05 17:28:06,919 autoreload 10208 20936 C:\Users\gapli\Downloads\GB_Django\Homeworks\homework_project\homework_3_app\urls.py changed, reloading.
INFO 2023-09-05 17:28:07,459 autoreload 21972 10732 Watching for file changes with StatReloader
INFO 2023-09-05 17:28:10,466 basehttp 21972 18088 "GET /hw3/client/month/1/ HTTP/1.1" 200 415
INFO 2023-09-05 17:28:17,838 basehttp 21972 18088 "GET /hw3/client/year/1/ HTTP/1.1" 200 590
INFO 2023-09-05 17:29:23,985 basehttp 21972 18088 "GET /hw3/client/year/1/ HTTP/1.1" 200 528
INFO 2023-09-05 17:29:46,027 basehttp 21972 18088 "GET /hw3/client/week/1/ HTTP/1.1" 200 418
